[
  {
    "level": "INFO",
    "message": "android.ndkVersion from module build.gradle is 21.3.6528147"
  },
  {
    "level": "INFO",
    "message": "ndk.dir in local.properties is C:\\Users\\12983\\AppData\\Local\\Android\\Sdk\\ndk\\21.3.6528147"
  },
  {
    "level": "INFO",
    "message": "ANDROID_NDK_HOME environment variable is not set"
  },
  {
    "level": "INFO",
    "message": "sdkFolder is C:\\Users\\Administrator\\AppData\\Local\\Android\\Sdk"
  },
  {
    "level": "INFO",
    "message": "Considering C:\\Users\\12983\\AppData\\Local\\Android\\Sdk\\ndk\\21.3.6528147 by ndk.dir"
  },
  {
    "level": "INFO",
    "message": "Considering C:\\Users\\Administrator\\AppData\\Local\\Android\\Sdk\\ndk-bundle in SDK ndk-bundle folder"
  },
  {
    "level": "INFO",
    "message": "Considering C:\\Users\\Administrator\\AppData\\Local\\Android\\Sdk\\ndk\\20.1.5948944 in SDK ndk folder"
  },
  {
    "level": "INFO",
    "message": "Considering C:\\Users\\Administrator\\AppData\\Local\\Android\\Sdk\\ndk\\21.3.6528147 in SDK ndk folder"
  },
  {
    "level": "INFO",
    "message": "Rejected C:\\Users\\12983\\AppData\\Local\\Android\\Sdk\\ndk\\21.3.6528147 by ndk.dir because that location has no source.properties"
  },
  {
    "level": "ERROR",
    "message": "Location specified by ndk.dir (C:\\Users\\12983\\AppData\\Local\\Android\\Sdk\\ndk\\21.3.6528147) did not contain a valid NDK and so couldn\u0027t satisfy the required NDK version 21.3.6528147"
  }
]