#
# There is insufficient memory for the Java Runtime Environment to continue.
# Native memory allocation (malloc) failed to allocate 1285296 bytes for Chunk::new
# Possible reasons:
#   The system is out of physical RAM or swap space
#   The process is running with CompressedOops enabled, and the Java Heap may be blocking the growth of the native heap
# Possible solutions:
#   Reduce memory load on the system
#   Increase physical memory or swap space
#   Check if swap backing store is full
#   Decrease Java heap size (-Xmx/-Xms)
#   Decrease number of Java threads
#   Decrease Java thread stack sizes (-Xss)
#   Set larger code cache with -XX:ReservedCodeCacheSize=
#   JVM is running with Unscaled Compressed Oops mode in which the Java heap is
#     placed in the first 4GB address space. The Java Heap base address is the
#     maximum limit for the native heap growth. Please use -XX:HeapBaseMinAddress
#     to set the Java Heap base and to place the Java Heap above 4GB virtual address.
# This output file may be truncated or incomplete.
#
#  Out of Memory Error (allocation.cpp:389), pid=9232, tid=0x000000000000320c
#
# JRE version: OpenJDK Runtime Environment (8.0_242-b01) (build 1.8.0_242-release-1644-b01)
# Java VM: OpenJDK 64-Bit Server VM (25.242-b01 mixed mode windows-amd64 compressed oops)
# Failed to write core dump. Minidumps are not enabled by default on client versions of Windows
#

---------------  T H R E A D  ---------------

Current thread (0x0000000015a69800):  JavaThread "C2 CompilerThread1" daemon [_thread_in_native, id=12812, stack(0x0000000015eb0000,0x0000000015fb0000)]

Stack: [0x0000000015eb0000,0x0000000015fb0000]
[error occurred during error reporting (printing stack bounds), id 0xc0000005]

Native frames: (J=compiled Java code, j=interpreted, Vv=VM code, C=native code)


Current CompileTask:
C2:  86701 11159       4       com.sun.tools.javac.comp.Resolve::findType (467 bytes)


---------------  P R O C E S S  ---------------

Java Threads: ( => current thread )
  0x000000001a1a4800 JavaThread "Cache worker for Java compile cache (D:\dev_comp_NI\com.newbie3d.ident\ident-app-aar\.gradle\6.1.1\javaCompile)" [_thread_blocked, id=6568, stack(0x0000000023de0000,0x0000000023ee0000)]
  0x000000001a1a3800 JavaThread "Cache worker for Java compile cache (C:\Users\Huawei\.gradle\caches\6.1.1\javaCompile)" [_thread_in_native, id=3772, stack(0x0000000023ce0000,0x0000000023de0000)]
  0x000000001a19f000 JavaThread "WorkerExecutor Queue Thread 4" [_thread_blocked, id=16460, stack(0x0000000023410000,0x0000000023510000)]
  0x000000001abf0800 JavaThread "WorkerExecutor Queue Thread 3" [_thread_blocked, id=10148, stack(0x0000000022eb0000,0x0000000022fb0000)]
  0x000000001abef800 JavaThread "WorkerExecutor Queue Thread 2" [_thread_blocked, id=14628, stack(0x0000000022ab0000,0x0000000022bb0000)]
  0x000000001abee800 JavaThread "WorkerExecutor Queue" [_thread_blocked, id=9932, stack(0x0000000022bb0000,0x0000000022cb0000)]
  0x000000001abee000 JavaThread "Cache worker for execution history cache (D:\dev_comp_NI\com.newbie3d.ident\ident-app-aar\.gradle\6.1.1\executionHistory)" [_thread_blocked, id=8260, stack(0x0000000022320000,0x0000000022420000)]
  0x000000001abed000 JavaThread "Execution worker for ':' Thread 3" [_thread_blocked, id=10156, stack(0x0000000020ac0000,0x0000000020bc0000)]
  0x000000001abec800 JavaThread "Execution worker for ':' Thread 2" [_thread_blocked, id=4640, stack(0x0000000022790000,0x0000000022890000)]
  0x000000001abeb800 JavaThread "Execution worker for ':'" [_thread_blocked, id=9512, stack(0x0000000022680000,0x0000000022780000)]
  0x000000001abeb000 JavaThread "Cache worker for file content cache (D:\dev_comp_NI\com.newbie3d.ident\ident-app-aar\.gradle\6.1.1\fileContent)" [_thread_blocked, id=5660, stack(0x0000000022210000,0x0000000022310000)]
  0x000000001abea000 JavaThread "Cache worker for file content cache (C:\Users\Huawei\.gradle\caches\6.1.1\fileContent)" [_thread_blocked, id=14964, stack(0x0000000021700000,0x0000000021800000)]
  0x0000000019421800 JavaThread "Memory manager" [_thread_blocked, id=8780, stack(0x0000000021bb0000,0x0000000021cb0000)]
  0x0000000019421000 JavaThread "File lock release action executor" [_thread_blocked, id=3824, stack(0x0000000021800000,0x0000000021900000)]
  0x000000001941f800 JavaThread "Cache worker for Build Output Cleanup Cache (D:\dev_comp_NI\com.newbie3d.ident\ident-app-aar\.gradle\buildOutputCleanup)" [_thread_blocked, id=16440, stack(0x000000001f190000,0x000000001f290000)]
  0x000000001941e800 JavaThread "pool-1-thread-1" [_thread_blocked, id=17228, stack(0x0000000020bd0000,0x0000000020cd0000)]
  0x000000001941d000 JavaThread "Build operations Thread 4" [_thread_blocked, id=8488, stack(0x00000000209c0000,0x0000000020ac0000)]
  0x000000001941c800 JavaThread "Build operations Thread 3" [_thread_blocked, id=3556, stack(0x0000000020880000,0x0000000020980000)]
  0x000000001941b800 JavaThread "Build operations Thread 2" [_thread_blocked, id=12012, stack(0x0000000020660000,0x0000000020760000)]
  0x000000001941b000 JavaThread "Build operations" [_thread_blocked, id=12212, stack(0x000000001ee30000,0x000000001ef30000)]
  0x0000000019417000 JavaThread "Cache worker for execution history cache (C:\Users\Huawei\.gradle\caches\6.1.1\executionHistory)" [_thread_blocked, id=8664, stack(0x000000001e2a0000,0x000000001e3a0000)]
  0x0000000019416800 JavaThread "Cache worker for cache directory md-rule (C:\Users\Huawei\.gradle\caches\6.1.1\md-rule)" [_thread_blocked, id=9708, stack(0x000000001ced0000,0x000000001cfd0000)]
  0x0000000019415800 JavaThread "Cache worker for cache directory md-supplier (C:\Users\Huawei\.gradle\caches\6.1.1\md-supplier)" [_thread_blocked, id=10648, stack(0x000000001c910000,0x000000001ca10000)]
  0x0000000019415000 JavaThread "Cache worker for file hash cache (D:\dev_comp_NI\com.newbie3d.ident\ident-app-aar\.gradle\6.1.1\fileHashes)" [_thread_blocked, id=15712, stack(0x000000001cb80000,0x000000001cc80000)]
  0x0000000019414000 JavaThread "Cache worker for checksums cache (D:\dev_comp_NI\com.newbie3d.ident\ident-app-aar\.gradle\checksums)" [_thread_blocked, id=11916, stack(0x000000001ca50000,0x000000001cb50000)]
  0x0000000019413800 JavaThread "Cache worker for file hash cache (C:\Users\Huawei\.gradle\caches\6.1.1\fileHashes)" [_thread_blocked, id=12340, stack(0x000000001a610000,0x000000001a710000)]
  0x0000000019412800 JavaThread "File lock request listener" [_thread_in_native, id=13992, stack(0x0000000018c60000,0x0000000018d60000)]
  0x0000000019424800 JavaThread "Cache worker for journal cache (C:\Users\Huawei\.gradle\caches\journal-1)" [_thread_blocked, id=10440, stack(0x0000000019150000,0x0000000019250000)]
  0x000000001759b800 JavaThread "Thread-9" [_thread_blocked, id=15076, stack(0x0000000019250000,0x0000000019350000)]
  0x0000000017593800 JavaThread "Asynchronous log dispatcher for DefaultDaemonConnection: socket connection from /127.0.0.1:52271 to /127.0.0.1:52273" [_thread_blocked, id=6396, stack(0x0000000018e60000,0x0000000018f60000)]
  0x000000001763c800 JavaThread "Daemon worker" [_thread_blocked, id=16928, stack(0x0000000018d60000,0x0000000018e60000)]
  0x0000000017631800 JavaThread "Cancel handler" [_thread_blocked, id=10004, stack(0x0000000018b60000,0x0000000018c60000)]
  0x0000000015aca800 JavaThread "Handler for socket connection from /127.0.0.1:52271 to /127.0.0.1:52273" [_thread_in_native, id=4812, stack(0x00000000186c0000,0x00000000187c0000)]
  0x0000000016f8a000 JavaThread "Daemon" [_thread_blocked, id=10564, stack(0x00000000187d0000,0x00000000188d0000)]
  0x0000000015aca000 JavaThread "Daemon periodic checks" [_thread_blocked, id=7140, stack(0x0000000018430000,0x0000000018530000)]
  0x0000000015a90000 JavaThread "Incoming local TCP Connector on port 52271" [_thread_in_native, id=15000, stack(0x00000000185b0000,0x00000000186b0000)]
  0x00000000172de800 JavaThread "Daemon health stats" [_thread_blocked, id=7216, stack(0x0000000017f70000,0x0000000018070000)]
  0x0000000015a6d000 JavaThread "Service Thread" daemon [_thread_blocked, id=15460, stack(0x0000000016620000,0x0000000016720000)]
  0x0000000015a6a000 JavaThread "C1 CompilerThread2" daemon [_thread_blocked, id=4700, stack(0x0000000016390000,0x0000000016490000)]
=>0x0000000015a69800 JavaThread "C2 CompilerThread1" daemon [_thread_in_native, id=12812, stack(0x0000000015eb0000,0x0000000015fb0000)]
  0x0000000015a10800 JavaThread "C2 CompilerThread0" daemon [_thread_in_native, id=13920, stack(0x0000000016190000,0x0000000016290000)]
  0x00000000144e1000 JavaThread "Attach Listener" daemon [_thread_blocked, id=2064, stack(0x0000000015fe0000,0x00000000160e0000)]
  0x00000000144ef000 JavaThread "Signal Dispatcher" daemon [_thread_blocked, id=2476, stack(0x0000000015630000,0x0000000015730000)]
  0x00000000144c9000 JavaThread "Finalizer" daemon [_thread_blocked, id=6964, stack(0x00000000158f0000,0x00000000159f0000)]
  0x00000000144c2000 JavaThread "Reference Handler" daemon [_thread_blocked, id=8308, stack(0x0000000015780000,0x0000000015880000)]
  0x0000000002b88000 JavaThread "main" [_thread_blocked, id=1416, stack(0x0000000002ca0000,0x0000000002da0000)]

Other Threads:
  0x000000001447a800 VMThread [stack: 0x0000000015520000,0x0000000015620000] [id=9280]
  0x0000000015a70800 WatcherThread [stack: 0x0000000016290000,0x0000000016390000] [id=15432]

VM state:not at safepoint (normal execution)

VM Mutex/Monitor currently owned by a thread: None

heap address: 0x00000000e0000000, size: 512 MB, Compressed Oops mode: 32-bit
Narrow klass base: 0x0000000000000000, Narrow klass shift: 0
Compressed class space size: 1073741824 Address: 0x000000007fff0000

Heap:
 PSYoungGen      total 138752K, used 102948K [0x00000000f5580000, 0x0000000100000000, 0x0000000100000000)
  eden space 105984K, 73% used [0x00000000f5580000,0x00000000fa1473a0,0x00000000fbd00000)
  from space 32768K, 77% used [0x00000000fe000000,0x00000000ff8c1e70,0x0000000100000000)
  to   space 34304K, 0% used [0x00000000fbd00000,0x00000000fbd00000,0x00000000fde80000)
 ParOldGen       total 200704K, used 58997K [0x00000000e0000000, 0x00000000ec400000, 0x00000000f5580000)
  object space 200704K, 29% used [0x00000000e0000000,0x00000000e399d5d8,0x00000000ec400000)
 Metaspace       used 76832K, capacity 79764K, committed 80000K, reserved 1118208K
  class space    used 10235K, capacity 10854K, committed 10880K, reserved 1048576K

Card table byte_map: [0x0000000012200000,0x0000000012310000] byte_map_base: 0x0000000011b00000

Marking Bits: (ParMarkBitMap*) 0x000000005c87f030
 Begin Bits: [0x0000000012af0000, 0x00000000132f0000)
 End Bits:   [0x00000000132f0000, 0x0000000013af0000)

Polling page: 0x0000000000490000

CodeCache: size=245760Kb used=33847Kb max_used=35495Kb free=211912Kb
 bounds [0x0000000002e40000, 0x0000000005110000, 0x0000000011e40000]
 total_blobs=10489 nmethods=9630 adapters=771
 compilation: enabled

Compilation events (10 events):
Event: 86.579 Thread 0x0000000015a6a000 nmethod 11173 0x00000000045cee50 code [0x00000000045cf0a0, 0x00000000045cff98]
Event: 86.579 Thread 0x0000000015a6a000 11175       3       org.gradle.internal.time.Time::startTimer (11 bytes)
Event: 86.580 Thread 0x0000000015a6a000 nmethod 11175 0x00000000043ebc90 code [0x00000000043ebe20, 0x00000000043ec1f0]
Event: 86.580 Thread 0x0000000015a6a000 11178       2       org.gradle.internal.snapshot.VfsRelativePath::hasPrefix (114 bytes)
Event: 86.581 Thread 0x0000000015a6a000 nmethod 11178 0x0000000003352e90 code [0x0000000003353060, 0x0000000003353658]
Event: 86.589 Thread 0x0000000015a10800 nmethod 11105 0x0000000003406ed0 code [0x00000000034077a0, 0x000000000340b178]
Event: 86.589 Thread 0x0000000015a10800 11166       4       com.sun.tools.javac.comp.Lower::boxIfNeeded (109 bytes)
Event: 86.593 Thread 0x0000000015a10800 nmethod 11166 0x0000000004479d10 code [0x0000000004479ec0, 0x000000000447a1c0]
Event: 86.593 Thread 0x0000000015a10800 11160       4       com.sun.tools.javac.comp.MemberEnter::typeAnnotate (24 bytes)
Event: 86.594 Thread 0x0000000015a10800 nmethod 11160 0x0000000003052c50 code [0x0000000003052da0, 0x0000000003052ed8]

GC Heap History (10 events):
Event: 66.326 GC heap before
{Heap before GC invocations=11 (full 3):
 PSYoungGen      total 154112K, used 133632K [0x00000000f5580000, 0x0000000100000000, 0x0000000100000000)
  eden space 133632K, 100% used [0x00000000f5580000,0x00000000fd800000,0x00000000fd800000)
  from space 20480K, 0% used [0x00000000fd800000,0x00000000fd800000,0x00000000fec00000)
  to   space 20480K, 0% used [0x00000000fec00000,0x00000000fec00000,0x0000000100000000)
 ParOldGen       total 200704K, used 35418K [0x00000000e0000000, 0x00000000ec400000, 0x00000000f5580000)
  object space 200704K, 17% used [0x00000000e0000000,0x00000000e2296870,0x00000000ec400000)
 Metaspace       used 64392K, capacity 67008K, committed 67072K, reserved 1107968K
  class space    used 8864K, capacity 9424K, committed 9472K, reserved 1048576K
Event: 66.371 GC heap after
Heap after GC invocations=11 (full 3):
 PSYoungGen      total 144896K, used 17104K [0x00000000f5580000, 0x0000000100000000, 0x0000000100000000)
  eden space 124416K, 0% used [0x00000000f5580000,0x00000000f5580000,0x00000000fcf00000)
  from space 20480K, 83% used [0x00000000fec00000,0x00000000ffcb40d0,0x0000000100000000)
  to   space 25088K, 0% used [0x00000000fcf00000,0x00000000fcf00000,0x00000000fe780000)
 ParOldGen       total 200704K, used 35426K [0x00000000e0000000, 0x00000000ec400000, 0x00000000f5580000)
  object space 200704K, 17% used [0x00000000e0000000,0x00000000e2298870,0x00000000ec400000)
 Metaspace       used 64392K, capacity 67008K, committed 67072K, reserved 1107968K
  class space    used 8864K, capacity 9424K, committed 9472K, reserved 1048576K
}
Event: 73.423 GC heap before
{Heap before GC invocations=12 (full 3):
 PSYoungGen      total 144896K, used 141520K [0x00000000f5580000, 0x0000000100000000, 0x0000000100000000)
  eden space 124416K, 100% used [0x00000000f5580000,0x00000000fcf00000,0x00000000fcf00000)
  from space 20480K, 83% used [0x00000000fec00000,0x00000000ffcb40d0,0x0000000100000000)
  to   space 25088K, 0% used [0x00000000fcf00000,0x00000000fcf00000,0x00000000fe780000)
 ParOldGen       total 200704K, used 35426K [0x00000000e0000000, 0x00000000ec400000, 0x00000000f5580000)
  object space 200704K, 17% used [0x00000000e0000000,0x00000000e2298870,0x00000000ec400000)
 Metaspace       used 72238K, capacity 75020K, committed 75264K, reserved 1114112K
  class space    used 9817K, capacity 10430K, committed 10496K, reserved 1048576K
Event: 73.638 GC heap after
Heap after GC invocations=12 (full 3):
 PSYoungGen      total 148480K, used 23557K [0x00000000f5580000, 0x0000000100000000, 0x0000000100000000)
  eden space 124416K, 0% used [0x00000000f5580000,0x00000000f5580000,0x00000000fcf00000)
  from space 24064K, 97% used [0x00000000fcf00000,0x00000000fe601418,0x00000000fe680000)
  to   space 26112K, 0% used [0x00000000fe680000,0x00000000fe680000,0x0000000100000000)
 ParOldGen       total 200704K, used 35426K [0x00000000e0000000, 0x00000000ec400000, 0x00000000f5580000)
  object space 200704K, 17% used [0x00000000e0000000,0x00000000e2298870,0x00000000ec400000)
 Metaspace       used 72238K, capacity 75020K, committed 75264K, reserved 1114112K
  class space    used 9817K, capacity 10430K, committed 10496K, reserved 1048576K
}
Event: 77.076 GC heap before
{Heap before GC invocations=13 (full 3):
 PSYoungGen      total 148480K, used 147973K [0x00000000f5580000, 0x0000000100000000, 0x0000000100000000)
  eden space 124416K, 100% used [0x00000000f5580000,0x00000000fcf00000,0x00000000fcf00000)
  from space 24064K, 97% used [0x00000000fcf00000,0x00000000fe601418,0x00000000fe680000)
  to   space 26112K, 0% used [0x00000000fe680000,0x00000000fe680000,0x0000000100000000)
 ParOldGen       total 200704K, used 35426K [0x00000000e0000000, 0x00000000ec400000, 0x00000000f5580000)
  object space 200704K, 17% used [0x00000000e0000000,0x00000000e2298870,0x00000000ec400000)
 Metaspace       used 74499K, capacity 77270K, committed 77568K, reserved 1116160K
  class space    used 10036K, capacity 10627K, committed 10752K, reserved 1048576K
Event: 77.237 GC heap after
Heap after GC invocations=13 (full 3):
 PSYoungGen      total 134144K, used 26104K [0x00000000f5580000, 0x0000000100000000, 0x0000000100000000)
  eden space 108032K, 0% used [0x00000000f5580000,0x00000000f5580000,0x00000000fbf00000)
  from space 26112K, 99% used [0x00000000fe680000,0x00000000ffffe2f0,0x0000000100000000)
  to   space 33280K, 0% used [0x00000000fbf00000,0x00000000fbf00000,0x00000000fdf80000)
 ParOldGen       total 200704K, used 42453K [0x00000000e0000000, 0x00000000ec400000, 0x00000000f5580000)
  object space 200704K, 21% used [0x00000000e0000000,0x00000000e2975588,0x00000000ec400000)
 Metaspace       used 74499K, capacity 77270K, committed 77568K, reserved 1116160K
  class space    used 10036K, capacity 10627K, committed 10752K, reserved 1048576K
}
Event: 78.522 GC heap before
{Heap before GC invocations=14 (full 3):
 PSYoungGen      total 134144K, used 134136K [0x00000000f5580000, 0x0000000100000000, 0x0000000100000000)
  eden space 108032K, 100% used [0x00000000f5580000,0x00000000fbf00000,0x00000000fbf00000)
  from space 26112K, 99% used [0x00000000fe680000,0x00000000ffffe2f0,0x0000000100000000)
  to   space 33280K, 0% used [0x00000000fbf00000,0x00000000fbf00000,0x00000000fdf80000)
 ParOldGen       total 200704K, used 42453K [0x00000000e0000000, 0x00000000ec400000, 0x00000000f5580000)
  object space 200704K, 21% used [0x00000000e0000000,0x00000000e2975588,0x00000000ec400000)
 Metaspace       used 75000K, capacity 77906K, committed 78080K, reserved 1116160K
  class space    used 10084K, capacity 10685K, committed 10752K, reserved 1048576K
Event: 78.561 GC heap after
Heap after GC invocations=14 (full 3):
 PSYoungGen      total 141312K, used 18925K [0x00000000f5580000, 0x0000000100000000, 0x0000000100000000)
  eden space 108032K, 0% used [0x00000000f5580000,0x00000000f5580000,0x00000000fbf00000)
  from space 33280K, 56% used [0x00000000fbf00000,0x00000000fd17b5d8,0x00000000fdf80000)
  to   space 32768K, 0% used [0x00000000fe000000,0x00000000fe000000,0x0000000100000000)
 ParOldGen       total 200704K, used 51896K [0x00000000e0000000, 0x00000000ec400000, 0x00000000f5580000)
  object space 200704K, 25% used [0x00000000e0000000,0x00000000e32ae128,0x00000000ec400000)
 Metaspace       used 75000K, capacity 77906K, committed 78080K, reserved 1116160K
  class space    used 10084K, capacity 10685K, committed 10752K, reserved 1048576K
}
Event: 81.499 GC heap before
{Heap before GC invocations=15 (full 3):
 PSYoungGen      total 141312K, used 126957K [0x00000000f5580000, 0x0000000100000000, 0x0000000100000000)
  eden space 108032K, 100% used [0x00000000f5580000,0x00000000fbf00000,0x00000000fbf00000)
  from space 33280K, 56% used [0x00000000fbf00000,0x00000000fd17b5d8,0x00000000fdf80000)
  to   space 32768K, 0% used [0x00000000fe000000,0x00000000fe000000,0x0000000100000000)
 ParOldGen       total 200704K, used 51896K [0x00000000e0000000, 0x00000000ec400000, 0x00000000f5580000)
  object space 200704K, 25% used [0x00000000e0000000,0x00000000e32ae128,0x00000000ec400000)
 Metaspace       used 75251K, capacity 78162K, committed 78336K, reserved 1116160K
  class space    used 10086K, capacity 10685K, committed 10752K, reserved 1048576K
Event: 81.861 GC heap after
Heap after GC invocations=15 (full 3):
 PSYoungGen      total 138752K, used 25351K [0x00000000f5580000, 0x0000000100000000, 0x0000000100000000)
  eden space 105984K, 0% used [0x00000000f5580000,0x00000000f5580000,0x00000000fbd00000)
  from space 32768K, 77% used [0x00000000fe000000,0x00000000ff8c1e70,0x0000000100000000)
  to   space 34304K, 0% used [0x00000000fbd00000,0x00000000fbd00000,0x00000000fde80000)
 ParOldGen       total 200704K, used 58997K [0x00000000e0000000, 0x00000000ec400000, 0x00000000f5580000)
  object space 200704K, 29% used [0x00000000e0000000,0x00000000e399d5d8,0x00000000ec400000)
 Metaspace       used 75251K, capacity 78162K, committed 78336K, reserved 1116160K
  class space    used 10086K, capacity 10685K, committed 10752K, reserved 1048576K
}

Deoptimization events (10 events):
Event: 85.736 Thread 0x000000001abed000 Uncommon trap: reason=class_check action=maybe_recompile pc=0x000000000501ac28 method=com.sun.tools.javac.code.Types$SignatureGenerator.assembleClassSig(Lcom/sun/tools/javac/code/Type;)V @ 31
Event: 85.736 Thread 0x000000001abed000 Uncommon trap: reason=class_check action=maybe_recompile pc=0x000000000501ac28 method=com.sun.tools.javac.code.Types$SignatureGenerator.assembleClassSig(Lcom/sun/tools/javac/code/Type;)V @ 31
Event: 85.843 Thread 0x000000001abed000 Uncommon trap: reason=unstable_if action=reinterpret pc=0x0000000004dce22c method=com.sun.tools.javac.comp.Resolve$MethodResultInfo.check(Lcom/sun/tools/javac/util/JCDiagnostic$DiagnosticPosition;Lcom/sun/tools/javac/code/Type;)Lcom/sun/tools/javac/code/T
Event: 85.843 Thread 0x000000001abed000 Uncommon trap: reason=unstable_if action=reinterpret pc=0x0000000004f0b7c4 method=com.sun.tools.javac.comp.Attr.checkMethodIdInternal(Lcom/sun/tools/javac/tree/JCTree;Lcom/sun/tools/javac/code/Type;Lcom/sun/tools/javac/code/Symbol;Lcom/sun/tools/javac/com
Event: 85.847 Thread 0x000000001abed000 Uncommon trap: reason=unstable_if action=reinterpret pc=0x0000000004f07e00 method=com.sun.tools.javac.comp.Resolve$LookupHelper.shouldStop(Lcom/sun/tools/javac/code/Symbol;Lcom/sun/tools/javac/comp/Resolve$MethodResolutionPhase;)Z @ 31
Event: 86.082 Thread 0x000000001abed000 Uncommon trap: reason=bimorphic action=maybe_recompile pc=0x000000000500dc00 method=com.sun.tools.javac.code.Types$SameTypeVisitor.visitClassType(Lcom/sun/tools/javac/code/Type$ClassType;Lcom/sun/tools/javac/code/Type;)Ljava/lang/Boolean; @ 95
Event: 86.083 Thread 0x000000001abed000 Uncommon trap: reason=bimorphic action=maybe_recompile pc=0x000000000500dc00 method=com.sun.tools.javac.code.Types$SameTypeVisitor.visitClassType(Lcom/sun/tools/javac/code/Type$ClassType;Lcom/sun/tools/javac/code/Type;)Ljava/lang/Boolean; @ 95
Event: 86.143 Thread 0x000000001abed000 Uncommon trap: reason=class_check action=maybe_recompile pc=0x00000000041ece78 method=com.sun.tools.javac.comp.Check.checkDeprecated(Lcom/sun/tools/javac/util/JCDiagnostic$DiagnosticPosition;Lcom/sun/tools/javac/code/Symbol;Lcom/sun/tools/javac/code/Symbo
Event: 86.144 Thread 0x000000001abed000 Uncommon trap: reason=class_check action=maybe_recompile pc=0x00000000041ece78 method=com.sun.tools.javac.comp.Check.checkDeprecated(Lcom/sun/tools/javac/util/JCDiagnostic$DiagnosticPosition;Lcom/sun/tools/javac/code/Symbol;Lcom/sun/tools/javac/code/Symbo
Event: 86.460 Thread 0x000000001abed000 Uncommon trap: reason=unstable_if action=reinterpret pc=0x0000000004eb1020 method=com.sun.tools.javac.code.Types.isSubtypeUncheckedInternal(Lcom/sun/tools/javac/code/Type;Lcom/sun/tools/javac/code/Type;Lcom/sun/tools/javac/util/Warner;)Z @ 110

Classes redefined (0 events):
No events

Internal exceptions (10 events):
Event: 77.737 Thread 0x000000001abed000 Implicit null exception at 0x000000000314c5fd to 0x000000000314c769
Event: 77.744 Thread 0x000000001abed000 Implicit null exception at 0x0000000003135b6a to 0x0000000003135c0d
Event: 77.746 Thread 0x000000001abed000 Implicit null exception at 0x0000000003679421 to 0x00000000036794e7
Event: 77.747 Thread 0x000000001abed000 Exception <a 'java/lang/NullPointerException'> (0x00000000f68ea728) thrown at [C:\src\AOSP-openjdk-git\hotspot\src\share\vm\runtime\sharedRuntime.cpp, line 605]
Event: 77.748 Thread 0x000000001abed000 Implicit null exception at 0x0000000003679421 to 0x00000000036794e7
Event: 77.749 Thread 0x000000001abed000 Exception <a 'java/lang/NullPointerException'> (0x00000000f691e258) thrown at [C:\src\AOSP-openjdk-git\hotspot\src\share\vm\runtime\sharedRuntime.cpp, line 605]
Event: 77.751 Thread 0x000000001abed000 Implicit null exception at 0x0000000003679421 to 0x00000000036794e7
Event: 77.751 Thread 0x000000001abed000 Exception <a 'java/lang/NullPointerException'> (0x00000000f694cf58) thrown at [C:\src\AOSP-openjdk-git\hotspot\src\share\vm\runtime\sharedRuntime.cpp, line 605]
Event: 77.970 Thread 0x000000001abed000 Implicit null exception at 0x0000000004623d0e to 0x00000000046243a1
Event: 81.238 Thread 0x000000001abed000 Implicit null exception at 0x00000000031466cd to 0x0000000003146831

Events (10 events):
Event: 86.573 Thread 0x0000000015a6a000 flushing nmethod 0x000000000482da10
Event: 86.573 Thread 0x0000000015a6a000 flushing nmethod 0x000000000482f690
Event: 86.573 Thread 0x0000000015a6a000 flushing nmethod 0x0000000004830cd0
Event: 86.573 Thread 0x0000000015a6a000 flushing nmethod 0x0000000004836790
Event: 86.573 Thread 0x0000000015a6a000 flushing nmethod 0x000000000484fc50
Event: 86.573 Thread 0x0000000015a6a000 flushing nmethod 0x0000000004851150
Event: 86.573 Thread 0x0000000015a6a000 flushing nmethod 0x000000000485c790
Event: 86.573 Thread 0x0000000015a6a000 flushing nmethod 0x000000000485d750
Event: 86.573 Thread 0x0000000015a6a000 flushing nmethod 0x0000000004865a10
Event: 86.573 Thread 0x0000000015a6a000 flushing nmethod 0x000000000486ac50


Dynamic libraries:
0x000000013f470000 - 0x000000013f4a1000 	E:\software_tool\android-studio\jre\bin\java.exe
0x0000000077930000 - 0x0000000077ada000 	C:\Windows\SYSTEM32\ntdll.dll
0x0000000077710000 - 0x000000007782f000 	C:\Windows\system32\kernel32.dll
0x000007fefdac0000 - 0x000007fefdb2a000 	C:\Windows\system32\KERNELBASE.dll
0x0000000075410000 - 0x0000000075497000 	C:\Windows\System32\SYSFER.DLL
0x000007fefde70000 - 0x000007fefdf4b000 	C:\Windows\system32\ADVAPI32.dll
0x000007feff640000 - 0x000007feff6df000 	C:\Windows\system32\msvcrt.dll
0x000007fefe600000 - 0x000007fefe61f000 	C:\Windows\SYSTEM32\sechost.dll
0x000007fefdb30000 - 0x000007fefdc5d000 	C:\Windows\system32\RPCRT4.dll
0x0000000077830000 - 0x000000007792a000 	C:\Windows\system32\USER32.dll
0x000007fefe230000 - 0x000007fefe297000 	C:\Windows\system32\GDI32.dll
0x000007fefdc60000 - 0x000007fefdc6e000 	C:\Windows\system32\LPK.dll
0x000007fefe160000 - 0x000007fefe229000 	C:\Windows\system32\USP10.dll
0x000007fefbf40000 - 0x000007fefc134000 	C:\Windows\WinSxS\amd64_microsoft.windows.common-controls_6595b64144ccf1df_6.0.7601.18837_none_fa3b1e3d17594757\COMCTL32.dll
0x000007feff5c0000 - 0x000007feff631000 	C:\Windows\system32\SHLWAPI.dll
0x000007fefd590000 - 0x000007fefd5e7000 	C:\Windows\system32\apphelp.dll
0x000007fef4e20000 - 0x000007fef4e71000 	C:\Windows\AppPatch\AppPatch64\AcGenral.DLL
0x000007fefd560000 - 0x000007fefd585000 	C:\Windows\system32\SspiCli.dll
0x000007fefdf50000 - 0x000007fefe153000 	C:\Windows\system32\ole32.dll
0x000007fefe7f0000 - 0x000007feff57a000 	C:\Windows\system32\SHELL32.dll
0x000000006ec90000 - 0x000000006ec93000 	C:\Windows\system32\sfc.dll
0x000007fef4e80000 - 0x000007fef4e90000 	C:\Windows\system32\sfc_os.DLL
0x000007fefda00000 - 0x000007fefda1e000 	C:\Windows\system32\USERENV.dll
0x000007fefd770000 - 0x000007fefd77f000 	C:\Windows\system32\profapi.dll
0x000007fefbab0000 - 0x000007fefbac8000 	C:\Windows\system32\dwmapi.dll
0x000007fef95f0000 - 0x000007fef9608000 	C:\Windows\system32\MPR.dll
0x000007feff590000 - 0x000007feff5be000 	C:\Windows\system32\IMM32.DLL
0x000007feff9b0000 - 0x000007feffab9000 	C:\Windows\system32\MSCTF.dll
0x00000000754a0000 - 0x00000000754f5000 	C:\Windows\system32\saccfilemon_x64.dll
0x000007fefd620000 - 0x000007fefd632000 	C:\Windows\system32\oleLoader935.dll
0x0000000052510000 - 0x00000000525e2000 	E:\software_tool\android-studio\jre\jre\bin\msvcr100.dll
0x000000005c0b0000 - 0x000000005c8fb000 	E:\software_tool\android-studio\jre\jre\bin\server\jvm.dll
0x000007fef5d40000 - 0x000007fef5d49000 	C:\Windows\system32\WSOCK32.dll
0x000007fefe320000 - 0x000007fefe36d000 	C:\Windows\system32\WS2_32.dll
0x000007feff580000 - 0x000007feff588000 	C:\Windows\system32\NSI.dll
0x000007fefb4a0000 - 0x000007fefb4db000 	C:\Windows\system32\WINMM.dll
0x000007fefc840000 - 0x000007fefc84c000 	C:\Windows\system32\VERSION.dll
0x0000000077af0000 - 0x0000000077af7000 	C:\Windows\system32\PSAPI.DLL
0x000007fefb8f0000 - 0x000007fefb8ff000 	E:\software_tool\android-studio\jre\jre\bin\verify.dll
0x000007fef6aa0000 - 0x000007fef6ac9000 	E:\software_tool\android-studio\jre\jre\bin\java.dll
0x000007fef6a80000 - 0x000007fef6a96000 	E:\software_tool\android-studio\jre\jre\bin\zip.dll
0x000007fef4ed0000 - 0x000007fef4eea000 	E:\software_tool\android-studio\jre\jre\bin\net.dll
0x000007fefcff0000 - 0x000007fefd045000 	C:\Windows\system32\mswsock.dll
0x000007fefcfe0000 - 0x000007fefcfe7000 	C:\Windows\System32\wship6.dll
0x000007fef4eb0000 - 0x000007fef4ec3000 	E:\software_tool\android-studio\jre\jre\bin\nio.dll
0x000007fef1be0000 - 0x000007fef1c06000 	C:\Users\Huawei\.gradle\native\31\windows-amd64\native-platform.dll
0x000007fef6ae0000 - 0x000007fef6ae3000 	C:\Windows\system32\api-ms-win-core-synch-l1-2-0.DLL
0x000007fefb1d0000 - 0x000007fefb1dd000 	E:\software_tool\android-studio\jre\jre\bin\management.dll
0x000007fefd050000 - 0x000007fefd067000 	C:\Windows\system32\CRYPTSP.dll
0x000007fefcd50000 - 0x000007fefcd97000 	C:\Windows\system32\rsaenh.dll
0x000007fefd5f0000 - 0x000007fefd5ff000 	C:\Windows\system32\CRYPTBASE.dll
0x000007fefb0f0000 - 0x000007fefb117000 	C:\Windows\system32\IPHLPAPI.DLL
0x000007fefb0e0000 - 0x000007fefb0eb000 	C:\Windows\system32\WINNSI.DLL
0x000007fefaa80000 - 0x000007fefaa91000 	C:\Windows\system32\dhcpcsvc6.DLL
0x000007fefa980000 - 0x000007fefa998000 	C:\Windows\system32\dhcpcsvc.DLL
0x000007fef2260000 - 0x000007fef2271000 	C:\Windows\system32\feclient.dll

VM Arguments:
jvm_args: -Xmx512m -Dfile.encoding=GBK -Duser.country=US -Duser.language=en -Duser.variant 
java_command: org.gradle.launcher.daemon.bootstrap.GradleDaemon 6.1.1
java_class_path (initial): C:\Users\Huawei\.gradle\wrapper\dists\gradle-6.1.1-all\cfmwm155h49vnt3hynmlrsdst\gradle-6.1.1\lib\gradle-launcher-6.1.1.jar
Launcher Type: SUN_STANDARD

Environment Variables:
JAVA_HOME=C:\Program Files\Java\jdk1.8.0_144
JRE_HOME=C:\Program Files\Java\jre1.8.0_144
PATH=C:\Program Files (x86)\NetSarang\Xftp 6\;C:\Program Files (x86)\NetSarang\Xshell 6\;C:\Program Files (x86)\Common Files\NetSarang;C:\ProgramData\Oracle\Java\javapath;C:\Windows\system32;C:\Windows;C:\Windows\System32\Wbem;C:\Windows\System32\WindowsPowerShell\v1.0\;C:\Program Files\Java\jdk1.8.0;C:\Program Files\Java\jdk1.8.0\bin;E:\Qt\5.12.6\msvc2017_64\bin;C:\Program Files\Java\jdk1.8.0_144/bin;E:\software_tool\android-sdk;%GRADLE_HOME%\bin;C:\Program Files\dotnet\;C:\tomcat\apache-tomcat-8.5.32\bin;C:\tomcat\apache-tomcat-8.5.32\lib;C:\dubbo\zookeeper-3.4.12\bin; C:\dubbo\zookeeper-3.4.12\conf;C:\tomcat\apache-maven-3.5.4\bin;C:\tomcat\apache-activemq-5.15.4\bin;%GRADLE_HOME%\bin;C:\Program Files\nodejs\;E:\Program Files (x86)\Microsoft Visual Studio\2017\Professional\MSBuild\15.0\Bin;C:\tomcat\apache-tomcat-8.5.32\bin;C:\tomcat\apache-tomcat-8.5.32\lib;C:\curl-7.70.0-win64-mingw\bin;E:\software_tool\android-ndk-r19c;D:\Program Files\Git\cmd;C:\Program Files\CMake\bin;C:\Program Files\Oracle\VirtualBox\;C:\Users\Huawei\AppData\Roaming\npm;C:\Users\Huawei\AppData\Local\GitHubDesktop\bin;D:\Users\Huawei\AppData\Local\Android\sdk\ndk-bundle\prebuilt\windows-x86_64\bin;D:\Users\Huawei\AppData\Local\Android\sdk\cmake\3.10.2.4988404\bin;D:\Users\Huawei\AppData\Local\Android\sdk\ndk-bundle;;E:\Program Files\JetBrains\IntelliJ IDEA 2019.2\bin;;C:\Users\Huawei\AppData\Local\Programs\Fiddler
USERNAME=edwin
OS=Windows_NT
PROCESSOR_IDENTIFIER=Intel64 Family 6 Model 61 Stepping 4, GenuineIntel



---------------  S Y S T E M  ---------------

OS: Windows 7 , 64 bit Build 7601 (6.1.7601.23539)

CPU:total 4 (initial active 4) (2 cores per cpu, 2 threads per core) family 6 model 61 stepping 4, cmov, cx8, fxsr, mmx, sse, sse2, sse3, ssse3, sse4.1, sse4.2, popcnt, avx, avx2, aes, clmul, erms, rtm, 3dnowpref, lzcnt, ht, tsc, tscinvbit, bmi1, bmi2, adx

Memory: 4k page, physical 16663008k(177632k free), swap 29736828k(2956k free)

vm_info: OpenJDK 64-Bit Server VM (25.242-b01) for windows-amd64 JRE (1.8.0_242-release-1644-b01), built by "builder" with MS VC++ 10.0 (VS2010)

time: Thu Nov 05 14:47:40 2020
timezone: China Standard Time
elapsed time: 86 seconds (0d 0h 1m 26s)

